<?xml version="1.0" encoding="UTF-8"?>
<testExecutions version="1">
  <file path="/home/furqnm/Documents/React/react-blinkist-app/src/components/organisms/Header/index.test.tsx">
    <testCase name="should render Header component" duration="345"/>
    <testCase name="should contain logo" duration="67"/>
    <testCase name="should have explore button" duration="71"/>
  </file>
  <file path="/home/furqnm/Documents/React/react-blinkist-app/src/components/molecules/ExploreModal/index.test.tsx">
    <testCase name="should render the Book Card component" duration="553"/>
    <testCase name="should have the Entrepreneurship button" duration="289"/>
  </file>
  <file path="/home/furqnm/Documents/React/react-blinkist-app/src/components/organisms/Footer/index.test.tsx">
    <testCase name="should render the book detail" duration="195"/>
    <testCase name="should contain the logo" duration="48"/>
    <testCase name="should have the title" duration="45"/>
  </file>
  <file path="/home/furqnm/Documents/React/react-blinkist-app/src/components/molecules/FilledButton/index.test.tsx">
    <testCase name="should render the Filled Button" duration="253"/>
    <testCase name="should contain the label text given" duration="29"/>
  </file>
  <file path="/home/furqnm/Documents/React/react-blinkist-app/src/components/molecules/NavButton/index.test.tsx">
    <testCase name="should render the Nav Button component" duration="195"/>
    <testCase name="should contain the text given" duration="25"/>
  </file>
  <file path="/home/furqnm/Documents/React/react-blinkist-app/src/components/molecules/Banner/index.test.tsx">
    <testCase name="should render the Banner component" duration="147"/>
    <testCase name="should contain the image" duration="75"/>
    <testCase name="should have the title" duration="38"/>
  </file>
  <file path="/home/furqnm/Documents/React/react-blinkist-app/src/components/atoms/Typography/index.test.tsx">
    <testCase name="should render Typography" duration="49"/>
    <testCase name="should have the given text displayed" duration="8"/>
  </file>
  <file path="/home/furqnm/Documents/React/react-blinkist-app/src/components/molecules/InputField/index.test.tsx">
    <testCase name="should render the Input component" duration="157"/>
    <testCase name="should contain the given label text" duration="39"/>
  </file>
  <file path="/home/furqnm/Documents/React/react-blinkist-app/src/components/molecules/BookCard/index.test.tsx">
    <testCase name="should render the Book Card component" duration="175"/>
    <testCase name="should contain the text given" duration="46"/>
    <testCase name="should contain the author name given" duration="60"/>
    <testCase name="should contain the time given" duration="62"/>
  </file>
  <file path="/home/furqnm/Documents/React/react-blinkist-app/src/components/organisms/BookDetail/index.test.tsx">
    <testCase name="should render the book detail" duration="419"/>
    <testCase name="should contain the read now button" duration="74"/>
    <testCase name="should contain the Finished Reading button" duration="97"/>
    <testCase name="should contain Link tag" duration="257"/>
  </file>
  <file path="/home/furqnm/Documents/React/react-blinkist-app/src/components/organisms/Library/index.test.tsx">
    <testCase name="should render Library component" duration="574"/>
    <testCase name="should contain Currently reading button" duration="227"/>
    <testCase name="should contain Finished button" duration="190"/>
  </file>
  <file path="/home/furqnm/Documents/React/react-blinkist-app/src/App.test.tsx">
    <testCase name="should render the App component" duration="864"/>
  </file>
  <file path="/home/furqnm/Documents/React/react-blinkist-app/src/components/organisms/SelectedPageContent/index.test.tsx">
    <testCase name="should render Selected page component" duration="955"/>
    <testCase name="should contain the banner" duration="323"/>
    <testCase name="should contain the input field" duration="228"/>
  </file>
</testExecutions>